[22/10/2019-05:23:06] Игрок XakinYT получил донат [10 ключей от донат-кейса, dc3] message:displayed
[22/10/2019-05:25:13] Игрок XakinYT получил донат [10 ключей от донат-кейса, dc3] message:displayed
[22/10/2019-05:25:58] Игрок XakinYT получил донат [10 ключей от донат-кейса, dc3] message:displayed
[22/10/2019-05:27:31] Игрок XakinYT получил донат [10 ключей от донат-кейса, dc3] message:displayed
[22/10/2019-05:36:51] Игрок RomaNeYoutube получил донат [3 ключа от донат-кейса, dc2] message:displayed
[22/10/2019-05:36:51] Игрок RomaNeYoutube получил донат [3 ключа от донат-кейса, dc2] message:displayed
[22/10/2019-05:59:21] Игрок reyk получил донат [1 ключ от донат-кейса, dc1] message:displayed
[22/10/2019-08:23:38] Игрок MoonWarior получил донат [3 ключа от донат-кейса, dc2] message:displayed
[22/10/2019-08:58:14] Игрок xxMELOMANxx получил донат [3 ключа от донат-кейса, dc2] message:displayed
[22/10/2019-09:05:40] Игрок Doctor получил донат [1 ключ от донат-кейса, dc1] message:displayed
[22/10/2019-10:07:15] Игрок Ilya9026 получил донат [1 ключ от донат-кейса, dc1] message:displayed
[22/10/2019-10:07:23] Игрок _Selen__ получил донат [1 ключ от донат-кейса, dc1] message:displayed
[22/10/2019-11:28:35] Игрок MoRaK__YT получил донат [1 ключ от донат-кейса, dc1] message:displayed
[23/10/2019-07:12:41] Игрок SALIHERCIYAS получил донат [3 ключа от донат-кейса, dc2] message:displayed
[23/10/2019-07:14:22] Игрок SALIHERCIYAS получил донат [3 ключа от донат-кейса, dc2] message:displayed
[23/10/2019-12:53:32] Игрок Serega_KOT получил донат [3 ключа от донат-кейса, dc2] message:displayed
[23/10/2019-02:46:18] Игрок Phantomich получил донат [3 ключа от донат-кейса, dc2] message:displayed
[23/10/2019-03:09:31] Игрок Storm_Flex получил донат [3 ключа от донат-кейса, dc2] message:displayed
[23/10/2019-03:25:42] Игрок red_master_boot получил донат [3 ключа от донат-кейса, dc2] message:displayed
[23/10/2019-04:01:16] Игрок LaIJK получил донат [3 ключа от донат-кейса, dc2] message:displayed
[23/10/2019-04:02:28] Игрок MRLauncher_10232 получил донат [3 ключа от донат-кейса, dc2] message:displayed
[23/10/2019-04:07:19] Игрок MRLauncher_10232 получил донат [3 ключа от донат-кейса, dc2] message:displayed
[23/10/2019-04:14:58] Игрок MRLauncher_10232 получил донат [3 ключа от донат-кейса, dc2] message:displayed
[23/10/2019-05:27:00] Игрок FantikGRIFF получил донат [1 ключ от донат-кейса, dc1] message:displayed
[23/10/2019-06:25:45] Игрок Ilya9026 получил донат [1 ключ от донат-кейса, dc1] message:displayed
[23/10/2019-07:57:47] Игрок kirill228topkot получил донат [1 ключ от донат-кейса, dc1] message:displayed
[23/10/2019-09:28:29] Игрок Shaizy получил донат [1 ключ от донат-кейса, dc1] message:displayed
[23/10/2019-09:56:24] Игрок Patriot получил донат [1 ключ от донат-кейса, dc1] message:displayed
[23/10/2019-09:56:36] Игрок Gggelia получил донат [1 ключ от донат-кейса, dc1] message:displayed
[23/10/2019-10:56:08] Игрок nikitosia получил донат [1 ключ от донат-кейса, dc1] message:displayed
[23/10/2019-11:57:17] Игрок Patriot получил донат [3 ключа от донат-кейса, dc2] message:displayed
[24/10/2019-12:03:25] Игрок Jacpro6 получил донат [1 ключ от донат-кейса, dc1] message:displayed
[24/10/2019-12:15:52] Игрок Nikita242535 получил донат [1 ключ от донат-кейса, dc1] message:displayed
[24/10/2019-01:56:24] Игрок Shaizy получил донат [3 ключа от донат-кейса, dc2] message:displayed
[24/10/2019-12:07:14] Игрок artem55 получил донат [1 ключ от донат-кейса, dc1] message:displayed
[24/10/2019-12:44:27] Игрок Alex566778 получил донат [1 ключ от донат-кейса, dc1] message:displayed
[24/10/2019-12:48:03] Игрок danillookYTT получил донат [1 ключ от донат-кейса, dc1] message:displayed
[24/10/2019-03:24:00] Игрок NyBika получил донат [3 ключа от донат-кейса, dc2] message:displayed
[24/10/2019-05:17:59] Игрок Stop_ham получил донат [3 ключа от донат-кейса, dc2] message:displayed
[24/10/2019-05:21:52] Игрок Loownay получил донат [3 ключа от донат-кейса, dc2] message:displayed
[24/10/2019-05:54:54] Игрок reyk получил донат [1 ключ от донат-кейса, dc1] message:displayed
[24/10/2019-08:19:50] Игрок Jacpro6 получил донат [1 ключ от донат-кейса, dc1] message:displayed
[24/10/2019-08:22:46] Игрок Jacpro6 получил донат [1 ключ от донат-кейса, dc1] message:displayed
[24/10/2019-09:17:59] Игрок nikitosia получил донат [50㉿, 50k] message:displayed
[24/10/2019-11:42:12] Игрок Destroyer получил донат [1 ключ от донат-кейса, dc1] message:displayed
[25/10/2019-07:07:44] Игрок _IIIUtN1k_ получил донат [1 ключ от донат-кейса, dc1] message:displayed
[25/10/2019-03:28:01] Игрок KILLER32 получил донат [1 ключ от донат-кейса, dc1] message:displayed
[25/10/2019-03:30:09] Игрок PoRtVein получил донат [3 ключа от донат-кейса, dc2] message:displayed
[25/10/2019-03:36:38] Игрок _Sisi4ka_ получил донат [1 ключ от донат-кейса, dc1] message:displayed
[25/10/2019-03:38:43] Игрок Dadyapetka получил донат [1 ключ от донат-кейса, dc1] message:displayed
[25/10/2019-04:18:52] Игрок Abilai05 получил донат [1 ключ от донат-кейса, dc1] message:displayed
[25/10/2019-06:06:19] Игрок Alex566778 получил донат [1 ключ от донат-кейса, dc1] message:displayed
[25/10/2019-06:46:01] Игрок 1valllka получил донат [3 ключа от донат-кейса, dc2] message:displayed
[26/10/2019-08:15:07] Игрок Pro_LeGeNd_Pro получил донат [1 ключ от донат-кейса, dc1] message:displayed
[26/10/2019-11:21:08] Игрок 6yXou_Kr0LeK получил донат [50㉿, 50k] message:displayed
[26/10/2019-01:39:30] Игрок _alex2004_alex получил донат [1 ключ от донат-кейса, dc1] message:displayed
[26/10/2019-03:26:44] Игрок dima27071 получил донат [3 ключа от донат-кейса, dc2] message:displayed
[26/10/2019-03:58:25] Игрок Nohats получил донат [1 ключ от донат-кейса, dc1] message:displayed
[26/10/2019-04:57:07] Игрок Chaosbanshe получил донат [1 ключ от донат-кейса, dc1] message:displayed
[26/10/2019-07:02:59] Игрок Abilai05 получил донат [1 ключ от донат-кейса, dc1] message:displayed
[26/10/2019-07:06:24] Игрок _kiluxa_GooD получил донат [1 ключ от донат-кейса, dc1] message:displayed
[26/10/2019-07:12:17] Игрок oj_vse_ получил донат [1 ключ от донат-кейса, dc1] message:displayed
[26/10/2019-07:31:41] Игрок Derol4ik получил донат [3 ключа от донат-кейса, dc2] message:displayed
[26/10/2019-11:01:20] Игрок komotik получил донат [50㉿, 50k] message:displayed
[27/10/2019-05:06:42] Игрок zaz2456 получил донат [50㉿, 50k] message:displayed
[27/10/2019-07:32:09] Игрок banantheek получил донат [50㉿, 50k] message:displayed
[27/10/2019-07:43:25] Игрок chicken_cat получил донат [1 ключ от донат-кейса, dc1] message:displayed
[27/10/2019-12:08:08] Игрок MasterOffnik получил донат [50㉿, 50k] message:displayed
[27/10/2019-01:17:48] Игрок Undadada получил донат [1 ключ от донат-кейса, dc1] message:displayed
[27/10/2019-02:02:54] Игрок zaz2456 получил донат [100㉿, 100k] message:displayed
[27/10/2019-03:40:03] Игрок 4i4a_moy_sosed получил донат [1 ключ от донат-кейса, dc1] message:displayed
[27/10/2019-04:43:27] Игрок 4i4a_moy_sosed получил донат [1 ключ от донат-кейса, dc1] message:displayed
[27/10/2019-07:34:56] Игрок Batanik получил донат [3 ключа от донат-кейса, dc2] message:displayed
[27/10/2019-09:07:11] Игрок barbossa получил донат [1 ключ от донат-кейса, dc1] message:displayed
[27/10/2019-09:51:14] Игрок lad44122 получил донат [1 ключ от донат-кейса, dc1] message:displayed
[28/10/2019-08:42:29] Игрок Roblox_777 получил донат [1 ключ от донат-кейса, dc1] message:displayed
[28/10/2019-08:46:57] Игрок LOM222 получил донат [1 ключ от донат-кейса, dc1] message:displayed
[28/10/2019-08:53:53] Игрок Roblox_777 получил донат [10 ключей от донат-кейса, dc3] message:displayed
[28/10/2019-09:01:46] Игрок 9_FANTOM_9 получил донат [3 ключа от донат-кейса, dc2] message:displayed
[28/10/2019-10:04:06] Игрок lri получил донат [3 ключа от донат-кейса, dc2] message:displayed
[28/10/2019-10:24:56] Игрок FyHTik получил донат [1 ключ от донат-кейса, dc1] message:displayed
[28/10/2019-10:31:47] Игрок FyHTik получил донат [1 ключ от донат-кейса, dc1] message:displayed
[28/10/2019-02:21:35] Игрок _Sisi4ka_ получил донат [3 ключа от донат-кейса, dc2] message:displayed
[28/10/2019-03:23:07] Игрок Xx_HedRed_xX получил донат [100㉿, 100k] message:displayed
[28/10/2019-03:56:32] Игрок DarK_Knigt получил донат [3 ключа от донат-кейса, dc2] message:displayed
[28/10/2019-04:08:38] Игрок _KinKon_228 получил донат [1 ключ от донат-кейса, dc1] message:displayed
[28/10/2019-04:16:12] Игрок KrimZone получил донат [3 ключа от донат-кейса, dc2] message:displayed
[28/10/2019-04:19:47] Игрок oFdSa получил донат [3 ключа от донат-кейса, dc2] message:displayed
[28/10/2019-04:24:36] Игрок Poradox получил донат [3 ключа от донат-кейса, dc2] message:displayed
[28/10/2019-04:56:21] Игрок Fire_Clown ОШИБКА ВЫДАЧИ группа 10000k не найдена!
[28/10/2019-04:58:23] Игрок Fire_Clown получил донат [100㉿, 100k] message:displayed
[28/10/2019-05:01:17] Игрок Fire_Clown получил донат [100㉿, 100k] message:displayed
[28/10/2019-06:12:10] Игрок Lalkahah ОШИБКА ВЫДАЧИ группа 10000k не найдена!
[28/10/2019-09:08:11] Игрок XakinYT ОШИБКА ВЫДАЧИ группа 10000k не найдена!
[28/10/2019-09:08:59] Игрок XakinYT получил донат [10000⛂, 10000k] message:displayed
[28/10/2019-09:09:13] Игрок Lalkahah получил донат [10000⛂, 10000k] message:displayed
[29/10/2019-11:42:22] Игрок _Boba_ получил донат [1 ключ от донат-кейса, dc1] message:displayed
[29/10/2019-12:33:51] Игрок NE_tvink получил донат [3 ключа от донат-кейса, dc2] message:displayed
[29/10/2019-12:58:15] Игрок LilBoPeep1 получил донат [3 ключа от донат-кейса, dc2] message:displayed
[29/10/2019-05:12:09] Игрок Abylai05 получил донат [3 ключа от донат-кейса, dc2] message:displayed
[29/10/2019-06:44:40] Игрок 12346909 получил донат [1 ключ от донат-кейса, dc1] message:displayed
[29/10/2019-10:51:15] Игрок MasterOfnik получил донат [50㉿, 50k] message:displayed
[30/10/2019-12:16:06] Игрок 9_FANTOM_9 получил донат [3 ключа от донат-кейса, dc2] message:displayed
[30/10/2019-12:20:04] Игрок 9_FANTOM_9 получил донат [50㉿, 50k] message:displayed
[30/10/2019-10:45:07] Игрок SashaTop4ik123 получил донат [1 ключ от донат-кейса, dc1] message:displayed
[30/10/2019-12:14:53] Игрок ZryaIdeshKoMne получил донат [10 ключей от донат-кейса, dc3] message:displayed
[30/10/2019-12:35:21] Игрок ZryaLubishMenya получил донат [10 ключей от донат-кейса, dc3] message:displayed
[30/10/2019-10:18:00] Игрок _Windows_7_7 получил донат [3 ключа от донат-кейса, dc2] message:displayed
[30/10/2019-11:29:43] Игрок SALIHERCIYAS получил донат [50㉿, 50k] message:displayed
[31/10/2019-12:52:41] Игрок OnFire получил донат [3 ключа от донат-кейса, dc2] message:displayed
[31/10/2019-10:28:25] Игрок KolaKisa получил донат [1 ключ от донат-кейса, dc1] message:displayed
[31/10/2019-02:37:40] Игрок Nikitkaaa1 получил донат [3 ключа от донат-кейса, dc2] message:displayed
[31/10/2019-02:56:38] Игрок Nikitkaaa1 получил донат [3 ключа от донат-кейса, dc2] message:displayed
[31/10/2019-03:34:10] Игрок Izi4kaEnder получил донат [50㉿, 50k] message:displayed
[31/10/2019-05:52:35] Игрок Criperster получил донат [3 ключа от донат-кейса, dc2] message:displayed
[01/11/2019-02:05:00] Игрок FlySkayCZ получил донат [3 ключа от донат-кейса, dc2] message:displayed
[01/11/2019-02:15:19] Игрок st0cman получил донат [3 ключа от донат-кейса, dc2] message:displayed
[02/11/2019-07:52:29] Игрок IceBox1706 получил донат [1 ключ от донат-кейса, dc1] message:displayed
[04/11/2019-01:16:51] Игрок Hazzer22206 получил донат [1 ключ от донат-кейса, dc1] message:displayed
[05/11/2019-05:33:36] Игрок lri получил донат [3 ключа от донат-кейса, dc2] message:displayed
[05/11/2019-06:28:05] Игрок kvardovsky получил донат [3 ключа от донат-кейса, dc2] message:displayed
[05/11/2019-07:02:06] Игрок ANIKYLA72 получил донат [3 ключа от донат-кейса, dc2] message:displayed
[05/11/2019-07:46:13] Игрок gunzx2010 получил донат [3 ключа от донат-кейса, dc2] message:displayed
[05/11/2019-08:25:06] Игрок Mogila__ получил донат [1 ключ от донат-кейса, dc1] message:displayed
[05/11/2019-08:30:03] Игрок Kvadrakopter получил донат [3 ключа от донат-кейса, dc2] message:displayed
[05/11/2019-08:31:46] Игрок wasaby_Popka получил донат [3 ключа от донат-кейса, dc2] message:displayed
[05/11/2019-08:33:06] Игрок MicroDocks получил донат [3 ключа от донат-кейса, dc2] message:displayed
[05/11/2019-09:32:58] Игрок Ckot4 получил донат [3 ключа от донат-кейса, dc2] message:displayed
[05/11/2019-09:35:25] Игрок Akula получил донат [3 ключа от донат-кейса, dc2] message:displayed
[05/11/2019-09:38:45] Игрок MiLorD получил донат [3 ключа от донат-кейса, dc2] message:displayed
[05/11/2019-09:41:50] Игрок Taburetka получил донат [3 ключа от донат-кейса, dc2] message:displayed
[05/11/2019-09:52:08] Игрок Urbanichka получил донат [3 ключа от донат-кейса, dc2] message:displayed
[05/11/2019-09:56:44] Игрок Paravozik получил донат [3 ключа от донат-кейса, dc2] message:displayed
[05/11/2019-10:00:15] Игрок Urbanichka получил донат [3 ключа от донат-кейса, dc2] message:displayed
[05/11/2019-10:10:14] Игрок Fire_Clown получил донат [300㉿, 300k] message:displayed
[06/11/2019-06:46:39] Игрок Do6P_u_KoJI6acep получил донат [10 ключей от донат-кейса, dc3] message:displayed
[06/11/2019-09:41:08] Игрок pazi получил донат [1 ключ от донат-кейса, dc1] message:displayed
[06/11/2019-09:51:38] Игрок DDnlPhantom получил донат [3 ключа от донат-кейса, dc2] message:displayed
[06/11/2019-12:37:18] Игрок FapIII получил донат [10 ключей от донат-кейса, dc3] message:displayed
[06/11/2019-01:25:43] Игрок Nikikot получил донат [3 ключа от донат-кейса, dc2] message:displayed
[06/11/2019-09:12:46] Игрок Sqd_Wolf_6 получил донат [3 ключа от донат-кейса, dc2] message:displayed
[07/11/2019-11:20:02] Игрок KatrekChannel получил донат [3 ключа от донат-кейса, dc2] message:displayed
[07/11/2019-05:20:06] Игрок BuBle_GUM получил донат [1 ключ от донат-кейса, dc1] message:displayed
[07/11/2019-06:08:51] Игрок HjelleMelle получил донат [1 ключ от донат-кейса, dc1] message:displayed
[07/11/2019-06:30:58] Игрок hkhk получил донат [3 ключа от донат-кейса, dc2] message:displayed
[07/11/2019-09:11:27] Игрок Adel7775 получил донат [3 ключа от донат-кейса, dc2] message:displayed
[08/11/2019-11:43:10] Игрок sokol14 получил донат [3 ключа от донат-кейса, dc2] message:displayed
[08/11/2019-12:33:47] Игрок gor2202 получил донат [1 ключ от донат-кейса, dc1] message:displayed
[08/11/2019-01:58:30] Игрок Grib_B_Nocke получил донат [1 ключ от донат-кейса, dc1] message:displayed
[08/11/2019-02:47:54] Игрок Nikikotiks получил донат [50㉿, 50k] message:displayed
[08/11/2019-04:24:25] Игрок Bunnu получил донат [3 ключа от донат-кейса, dc2] message:displayed
[08/11/2019-05:10:33] Игрок XxX_Pasha_XxX получил донат [1 ключ от донат-кейса, dc1] message:displayed
[08/11/2019-11:46:56] Игрок xD_ получил донат [1 ключ от донат-кейса, dc1] message:displayed
[09/11/2019-05:00:55] Игрок fghkl получил донат [100㉿, 100k] message:displayed
[09/11/2019-07:12:43] Игрок pazi2 получил донат [1 ключ от донат-кейса, dc1] message:displayed
[09/11/2019-09:41:59] Игрок Grib_B_Nocke получил донат [3 ключа от донат-кейса, dc2] message:displayed
[09/11/2019-10:40:08] Игрок Soska22 получил донат [1 ключ от донат-кейса, dc1] message:displayed
[09/11/2019-12:17:05] Игрок Nikikotiks получил донат [100㉿, 100k] message:displayed
[09/11/2019-03:14:44] Игрок _Db9lVoJl_ получил донат [1 ключ от донат-кейса, dc1] message:displayed
[09/11/2019-03:43:52] Игрок FanatMisnika получил донат [1 ключ от донат-кейса, dc1] message:displayed
[09/11/2019-05:29:14] Игрок The_kilaz получил донат [3 ключа от донат-кейса, dc2] message:displayed
[09/11/2019-05:35:51] Игрок Bunnu получил донат [10000⛂, 10000k] message:displayed
[09/11/2019-05:36:30] Игрок Bunnu получил донат [50㉿, 50k] message:displayed
[09/11/2019-05:37:01] Игрок Bunnu получил донат [10000⛂, 10000k] message:displayed
[09/11/2019-05:37:36] Игрок Bunnu получил донат [10000⛂, 10000k] message:displayed
[09/11/2019-05:38:06] Игрок Bunnu получил донат [100㉿, 100k] message:displayed
[09/11/2019-05:48:09] Игрок Adel7775 получил донат [3 ключа от донат-кейса, dc2] message:displayed
[09/11/2019-07:24:59] Игрок DaymonYtab получил донат [3 ключа от донат-кейса, dc2] message:displayed
[09/11/2019-07:42:36] Игрок CaH9I_LIS получил донат [3 ключа от донат-кейса, dc2] message:displayed
[09/11/2019-08:02:40] Игрок Folowskiy получил донат [1 ключ от донат-кейса, dc1] message:displayed
[09/11/2019-08:13:15] Игрок _Jlime_ получил донат [3 ключа от донат-кейса, dc2] message:displayed
[09/11/2019-08:17:16] Игрок lri получил донат [1 ключ от донат-кейса, dc1] message:displayed
[09/11/2019-08:18:25] Игрок Folowskiy получил донат [3 ключа от донат-кейса, dc2] message:displayed
[09/11/2019-08:20:25] Игрок crn123456 получил донат [3 ключа от донат-кейса, dc2] message:displayed
[09/11/2019-10:19:04] Игрок pvpArtem4k получил донат [1 ключ от донат-кейса, dc1] message:displayed
[10/11/2019-12:33:01] Игрок Desert получил донат [1 ключ от донат-кейса, dc1] message:displayed
[10/11/2019-02:31:07] Игрок Domenic228 получил донат [3 ключа от донат-кейса, dc2] message:displayed
[10/11/2019-03:35:32] Игрок Adel7775 получил донат [300㉿, 300k] message:displayed
[10/11/2019-03:36:39] Игрок Adel7775 получил донат [10000⛂, 10000k] message:displayed
[10/11/2019-03:37:54] Игрок Adel7775 получил донат [10000⛂, 10000k] message:displayed
[10/11/2019-03:39:33] Игрок Adel7775 получил донат [10000⛂, 10000k] message:displayed
[10/11/2019-03:40:54] Игрок Adel7775 получил донат [10000⛂, 10000k] message:displayed
[10/11/2019-03:59:15] Игрок _CTPAHHO_ получил донат [3 ключа от донат-кейса, dc2] message:displayed
[10/11/2019-05:03:44] Игрок Cla1ze получил донат [3 ключа от донат-кейса, dc2] message:displayed
[10/11/2019-05:07:08] Игрок LenyaMaster4 получил донат [3 ключа от донат-кейса, dc2] message:displayed
[10/11/2019-07:11:47] Игрок kokoina получил донат [1 ключ от донат-кейса, dc1] message:displayed
[10/11/2019-07:14:06] Игрок kokoina получил донат [10000⛂, 10000k] message:displayed
[10/11/2019-11:40:35] Игрок cutteCAT получил донат [10000⛂, 10000k] message:displayed
[10/11/2019-11:46:40] Игрок cutteCAT получил донат [10000⛂, 10000k] message:displayed
[11/11/2019-07:54:55] Игрок _IIpocTo_Wolf получил донат [1 ключ от донат-кейса, dc1] message:displayed
[11/11/2019-11:44:16] Игрок Wurst_tor получил донат [3 ключа от донат-кейса, dc2] message:displayed
[11/11/2019-11:55:58] Игрок Wurst_tor получил донат [50㉿, 50k] message:displayed
[11/11/2019-01:44:05] Игрок Pro_DoNaTeR_Pro получил донат [1 ключ от донат-кейса, dc1] message:displayed
[11/11/2019-04:17:36] Игрок _MyP3IIk_ получил донат [1 ключ от донат-кейса, dc1] message:displayed
[11/11/2019-04:29:57] Игрок lri получил донат [3 ключа от донат-кейса, dc2] message:displayed
[11/11/2019-04:55:50] Игрок XxX_Pasha_XxX получил донат [3 ключа от донат-кейса, dc2] message:displayed
[11/11/2019-04:57:27] Игрок XxX_Pasha_XxX получил донат [1 ключ от донат-кейса, dc1] message:displayed
[11/11/2019-08:47:08] Игрок 2007tema получил донат [3 ключа от донат-кейса, dc2] message:displayed
[11/11/2019-09:01:07] Игрок Ker4ik_Per4ik получил донат [1 ключ от донат-кейса, dc1] message:displayed
[12/11/2019-02:36:58] Игрок BespredelYT получил донат [1 ключ от донат-кейса, dc1] message:displayed
[12/11/2019-12:20:26] Игрок Shiziyo получил донат [1 ключ от донат-кейса, dc1] message:displayed
[12/11/2019-01:02:44] Игрок _PrIzRaK__YT получил донат [1 ключ от донат-кейса, dc1] message:displayed
[12/11/2019-01:42:45] Игрок ShagaCat_YT получил донат [1 ключ от донат-кейса, dc1] message:displayed
[12/11/2019-03:00:24] Игрок RegieShiki получил донат [3 ключа от донат-кейса, dc2] message:displayed
[12/11/2019-04:45:31] Игрок Sqd_Wolf_6 получил донат [1 ключ от донат-кейса, dc1] message:displayed
[12/11/2019-04:58:50] Игрок Xx_Me4TaTeLb_xX получил донат [3 ключа от донат-кейса, dc2] message:displayed
[12/11/2019-06:46:53] Игрок Lol175a получил донат [3 ключа от донат-кейса, dc2] message:displayed
[12/11/2019-09:50:51] Игрок crn123456 получил донат [10000⛂, 10000k] message:displayed
[13/11/2019-01:18:16] Игрок _PePsI_Kola_ получил донат [1 ключ от донат-кейса, dc1] message:displayed
[13/11/2019-01:23:13] Игрок The_Fantom получил донат [1 ключ от донат-кейса, dc1] message:displayed
[13/11/2019-01:39:27] Игрок 3_VTF_3 получил донат [1 ключ от донат-кейса, dc1] message:displayed
[13/11/2019-02:59:15] Игрок kolynnn288 получил донат [1 ключ от донат-кейса, dc1] message:displayed
[13/11/2019-03:36:00] Игрок ROBIK_34 получил донат [3 ключа от донат-кейса, dc2] message:displayed
[13/11/2019-03:38:40] Игрок ROBIK_34 получил донат [10000⛂, 10000k] message:displayed
[13/11/2019-04:57:30] Игрок _JlyHa_ получил донат [3 ключа от донат-кейса, dc2] message:displayed
[13/11/2019-05:07:52] Игрок _KapaTeJlb_ получил донат [3 ключа от донат-кейса, dc2] message:displayed
[13/11/2019-05:22:05] Игрок Rouke получил донат [3 ключа от донат-кейса, dc2] message:displayed
[13/11/2019-07:07:24] Игрок Drackes_Man получил донат [3 ключа от донат-кейса, dc2] message:displayed
[13/11/2019-07:11:46] Игрок Drackes_Man получил донат [1 ключ от донат-кейса, dc1] message:displayed
[13/11/2019-08:00:00] Игрок MIKAAINIX3 получил донат [1 ключ от донат-кейса, dc1] message:displayed
[13/11/2019-08:44:30] Игрок Mr_Retikay получил донат [1 ключ от донат-кейса, dc1] message:displayed
[13/11/2019-09:14:18] Игрок DATOSHKA получил донат [300㉿, 300k] message:displayed
[13/11/2019-09:35:22] Игрок AlsoKnownAsJazz2 получил донат [3 ключа от донат-кейса, dc2] message:displayed
[13/11/2019-10:38:22] Игрок Zblokoedik получил донат [1 ключ от донат-кейса, dc1] message:displayed
[13/11/2019-10:44:35] Игрок Zblokoedik получил донат [1 ключ от донат-кейса, dc1] message:displayed
[14/11/2019-05:33:08] Игрок Hazzer22206 получил донат [100㉿, 100k] message:displayed
[14/11/2019-06:10:05] Игрок Hazzer22206 получил донат [50㉿, 50k] message:displayed
[14/11/2019-01:42:03] Игрок schwa88 получил донат [10000⛂, 10000k] message:displayed
[14/11/2019-02:52:42] Игрок vachagan4ik получил донат [10000⛂, 10000k] message:displayed
[14/11/2019-02:57:51] Игрок vachagan4ik получил донат [10000⛂, 10000k] message:displayed
[14/11/2019-03:15:54] Игрок Adel7775 получил донат [300㉿, 300k] message:displayed
[14/11/2019-03:37:27] Игрок Jlakep_ получил донат [1 ключ от донат-кейса, dc1] message:displayed
[14/11/2019-03:39:18] Игрок Jlakep_ получил донат [3 ключа от донат-кейса, dc2] message:displayed
[14/11/2019-03:45:49] Игрок _TPABKA_ получил донат [1 ключ от донат-кейса, dc1] message:displayed
[14/11/2019-04:15:33] Игрок Xochy_CtRadaTb получил донат [3 ключа от донат-кейса, dc2] message:displayed
[14/11/2019-05:39:37] Игрок _VaDiM_Boss получил донат [3 ключа от донат-кейса, dc2] message:displayed
[14/11/2019-06:22:45] Игрок 6yXou_Kr0LeK получил донат [100㉿, 100k] message:displayed
[14/11/2019-07:04:26] Игрок _Sniper_ получил донат [1 ключ от донат-кейса, dc1] message:displayed
[14/11/2019-07:28:04] Игрок _be3_DoHaTa_ получил донат [1 ключ от донат-кейса, dc1] message:displayed
[14/11/2019-07:33:42] Игрок RunPak получил донат [1 ключ от донат-кейса, dc1] message:displayed
[14/11/2019-07:40:39] Игрок ronuo получил донат [50㉿, 50k] message:displayed
[14/11/2019-07:53:05] Игрок schwa88 получил донат [1 ключ от донат-кейса, dc1] message:displayed
[14/11/2019-09:06:05] Игрок schwa88 получил донат [1 ключ от донат-кейса, dc1] message:displayed
[14/11/2019-09:07:45] Игрок _McCraft_ получил донат [1 ключ от донат-кейса, dc1] message:displayed
[14/11/2019-09:34:05] Игрок Dragon22984 получил донат [1 ключ от донат-кейса, dc1] message:displayed
[14/11/2019-10:03:21] Игрок _AKEBEIIINIK_ получил донат [3 ключа от донат-кейса, dc2] message:displayed
[14/11/2019-10:06:29] Игрок 3_VTF_3 получил донат [100㉿, 100k] message:displayed
[14/11/2019-10:19:57] Игрок 3_VTF_3 получил донат [50㉿, 50k] message:displayed
[14/11/2019-10:43:07] Игрок 3_Phantom_3 получил донат [3 ключа от донат-кейса, dc2] message:displayed
[15/11/2019-12:49:42] Игрок TheRous получил донат [3 ключа от донат-кейса, dc2] message:displayed
[15/11/2019-01:28:42] Игрок Inicto123 получил донат [1 ключ от донат-кейса, dc1] message:displayed
[15/11/2019-04:17:39] Игрок FrayzerPvP получил донат [3 ключа от донат-кейса, dc2] message:displayed
[15/11/2019-04:28:46] Игрок CePIIanTuH получил донат [3 ключа от донат-кейса, dc2] message:displayed
[15/11/2019-04:45:20] Игрок _LuNaTuK_ получил донат [3 ключа от донат-кейса, dc2] message:displayed
[15/11/2019-06:32:37] Игрок inferntor получил донат [3 ключа от донат-кейса, dc2] message:displayed
[15/11/2019-07:12:02] Игрок inferntor получил донат [3 ключа от донат-кейса, dc2] message:displayed
[15/11/2019-07:22:05] Игрок inferntor получил донат [3 ключа от донат-кейса, dc2] message:displayed
[15/11/2019-07:40:06] Игрок inferntor получил донат [3 ключа от донат-кейса, dc2] message:displayed
[15/11/2019-07:45:44] Игрок Chizu2281 получил донат [1 ключ от донат-кейса, dc1] message:displayed
[15/11/2019-10:20:33] Игрок TOP_HAKER_TOP0 получил донат [1 ключ от донат-кейса, dc1] message:displayed
[16/11/2019-01:52:18] Игрок pvpArtem4k получил донат [3 ключа от донат-кейса, dc2] message:displayed
[16/11/2019-04:36:22] Игрок Abylai05 получил донат [1 ключ от донат-кейса, dc1] message:displayed
[16/11/2019-04:41:34] Игрок tupo_ender получил донат [3 ключа от донат-кейса, dc2] message:displayed
[16/11/2019-04:56:01] Игрок _Co6a4ka_ получил донат [1 ключ от донат-кейса, dc1] message:displayed
[16/11/2019-06:34:07] Игрок Abylai05 получил донат [3 ключа от донат-кейса, dc2] message:displayed
[16/11/2019-08:29:33] Игрок _KinKon_228 получил донат [3 ключа от донат-кейса, dc2] message:displayed
[16/11/2019-10:29:10] Игрок Daemon_ получил донат [3 ключа от донат-кейса, dc2] message:displayed
[16/11/2019-10:31:08] Игрок Alphaboy007 получил донат [3 ключа от донат-кейса, dc2] message:displayed
[17/11/2019-11:25:44] Игрок Adel7775 получил донат [100㉿, 100k] message:displayed
[17/11/2019-12:03:36] Игрок D9emon получил донат [3 ключа от донат-кейса, dc2] message:displayed
[17/11/2019-02:16:58] Игрок 60_09 получил донат [1 ключ от донат-кейса, dc1] message:displayed
[17/11/2019-02:23:58] Игрок 60_09 получил донат [10000⛂, 10000k] message:displayed
[17/11/2019-04:27:00] Игрок Xx_GARIK_PRO_xX получил донат [100㉿, 100k] message:displayed
[17/11/2019-04:44:35] Игрок Mr_Semen_06 получил донат [3 ключа от донат-кейса, dc2] message:displayed
[17/11/2019-04:50:16] Игрок Mr_Semen_06 получил донат [3 ключа от донат-кейса, dc2] message:displayed
[17/11/2019-05:07:56] Игрок KolBaSikYT получил донат [3 ключа от донат-кейса, dc2] message:displayed
[17/11/2019-06:26:15] Игрок aternos228777 получил донат [1 ключ от донат-кейса, dc1] message:displayed
[18/11/2019-08:34:42] Игрок HE_Vlad_Zed_YT получил донат [3 ключа от донат-кейса, dc2] message:displayed
[18/11/2019-08:36:06] Игрок Franki8D получил донат [1 ключ от донат-кейса, dc1] message:displayed
[18/11/2019-09:32:45] Игрок ololo2016 получил донат [3 ключа от донат-кейса, dc2] message:displayed
[18/11/2019-11:47:09] Игрок VPN_4IKS получил донат [1 ключ от донат-кейса, dc1] message:displayed
[18/11/2019-01:45:22] Игрок Lianrytiny получил донат [1 ключ от донат-кейса, dc1] message:displayed
[18/11/2019-01:53:53] Игрок _PHANTOM_PLS_ получил донат [3 ключа от донат-кейса, dc2] message:displayed
[18/11/2019-02:42:17] Игрок Adel7775 получил донат [100㉿, 100k] message:displayed
[18/11/2019-03:07:42] Игрок PHANTOM получил донат [1 ключ от донат-кейса, dc1] message:displayed
[18/11/2019-03:42:06] Игрок i_love_bez_ получил донат [1 ключ от донат-кейса, dc1] message:displayed
[18/11/2019-05:50:06] Игрок SPREME_TOP получил донат [3 ключа от донат-кейса, dc2] message:displayed
[18/11/2019-06:13:21] Игрок MinicrafterIO получил донат [1 ключ от донат-кейса, dc1] message:displayed
[18/11/2019-07:28:33] Игрок AkkermanovStar получил донат [3 ключа от донат-кейса, dc2] message:displayed
[18/11/2019-09:07:54] Игрок gplvadogeme получил донат [1 ключ от донат-кейса, dc1] message:displayed
[19/11/2019-04:46:27] Игрок sergeypro получил донат [1 ключ от донат-кейса, dc1] message:displayed
[19/11/2019-07:59:01] Игрок Eskobare получил донат [3 ключа от донат-кейса, dc2] message:displayed
[19/11/2019-01:45:00] Игрок BlayKit получил донат [1 ключ от донат-кейса, dc1] message:displayed
[19/11/2019-02:26:04] Игрок JJK получил донат [1 ключ от донат-кейса, dc1] message:displayed
[19/11/2019-04:35:36] Игрок _MyRk_Grief_ получил донат [3 ключа от донат-кейса, dc2] message:displayed
[19/11/2019-05:58:46] Игрок GriefCube_top получил донат [3 ключа от донат-кейса, dc2] message:displayed
[19/11/2019-06:17:44] Игрок Xx_GARIK_PRO_xX получил донат [10000⛂, 10000k] message:displayed
[19/11/2019-06:19:08] Игрок Xx_GARIK_PRO_xX получил донат [50㉿, 50k] message:displayed
[19/11/2019-11:37:16] Игрок Eskobare получил донат [3 ключа от донат-кейса, dc2] message:displayed
[19/11/2019-11:48:04] Игрок cutteCAT получил донат [3 ключа от донат-кейса, dc2] message:displayed
[19/11/2019-11:55:47] Игрок Eskobare получил донат [100㉿, 100k] message:displayed
[20/11/2019-09:26:08] Игрок BlayKit получил донат [1 ключ от донат-кейса, dc1] message:displayed
[20/11/2019-12:25:23] Игрок DomerGrif13 получил донат [1 ключ от донат-кейса, dc1] message:displayed
[20/11/2019-01:10:22] Игрок Prizrack_Kasper получил донат [1 ключ от донат-кейса, dc1] message:displayed
[20/11/2019-01:45:04] Игрок imMIF получил донат [1 ключ от донат-кейса, dc1] message:displayed
[20/11/2019-01:46:42] Игрок imMIF получил донат [1 ключ от донат-кейса, dc1] message:displayed
[20/11/2019-02:28:59] Игрок The_anime получил донат [3 ключа от донат-кейса, dc2] message:displayed
[20/11/2019-04:13:59] Игрок monster135799 получил донат [1 ключ от донат-кейса, dc1] message:displayed
[20/11/2019-05:52:22] Игрок _IIpocTo_Wolf получил донат [3 ключа от донат-кейса, dc2] message:displayed
[20/11/2019-08:06:37] Игрок ZXCVBNMQE0012 получил донат [1 ключ от донат-кейса, dc1] message:displayed
[20/11/2019-08:34:38] Игрок TipBen получил донат [1 ключ от донат-кейса, dc1] message:displayed
[21/11/2019-12:20:05] Игрок lri получил донат [50㉿, 50k] message:displayed
[21/11/2019-12:46:12] Игрок Ptaxa31234 получил донат [1 ключ от донат-кейса, dc1] message:displayed
[21/11/2019-12:52:26] Игрок BlayKit получил донат [1 ключ от донат-кейса, dc1] message:displayed
[21/11/2019-01:59:34] Игрок DefectHeart получил донат [3 ключа от донат-кейса, dc2] message:displayed
[21/11/2019-02:31:32] Игрок npokc2 получил донат [1 ключ от донат-кейса, dc1] message:displayed
[21/11/2019-03:07:01] Игрок wtfcw получил донат [1 ключ от донат-кейса, dc1] message:displayed
[21/11/2019-03:30:03] Игрок shkilagame получил донат [3 ключа от донат-кейса, dc2] message:displayed
[21/11/2019-06:16:46] Игрок Fire_Fenix получил донат [1 ключ от донат-кейса, dc1] message:displayed
[21/11/2019-07:51:09] Игрок TureLints получил донат [1 ключ от донат-кейса, dc1] message:displayed
[21/11/2019-10:29:06] Игрок _XaMuR_ASTAR_ получил донат [3 ключа от донат-кейса, dc2] message:displayed
[22/11/2019-03:10:13] Игрок Eskobare получил донат [100㉿, 100k] message:displayed
[22/11/2019-03:11:00] Игрок Eskobare получил донат [100㉿, 100k] message:displayed
[22/11/2019-08:28:06] Игрок Eskobare получил донат [500㉿, 500k] message:displayed
[22/11/2019-09:51:57] Игрок _Yarik_ToP_ получил донат [3 ключа от донат-кейса, dc2] message:displayed
[22/11/2019-11:25:30] Игрок _i_Balera_ получил донат [1 ключ от донат-кейса, dc1] message:displayed
[22/11/2019-12:17:21] Игрок 12k получил донат [1 ключ от донат-кейса, dc1] message:displayed
[22/11/2019-02:12:20] Игрок Ptaxa31234 получил донат [300㉿, 300k] message:displayed
[22/11/2019-02:14:50] Игрок Ptaxa31234 получил донат [3 ключа от донат-кейса, dc2] message:displayed
[22/11/2019-02:14:54] Игрок npokc2 получил донат [1 ключ от донат-кейса, dc1] message:displayed
[22/11/2019-02:15:42] Игрок Ptaxa31234 получил донат [3 ключа от донат-кейса, dc2] message:displayed
[22/11/2019-02:16:51] Игрок Ptaxa31234 получил донат [100㉿, 100k] message:displayed
[22/11/2019-02:24:04] Игрок _Ares_ получил донат [3 ключа от донат-кейса, dc2] message:displayed
[22/11/2019-02:51:35] Игрок VladikDetDom получил донат [1 ключ от донат-кейса, dc1] message:displayed
[22/11/2019-03:04:44] Игрок SnakOP получил донат [1 ключ от донат-кейса, dc1] message:displayed
[22/11/2019-03:12:52] Игрок Lianrytiny1 получил донат [3 ключа от донат-кейса, dc2] message:displayed
[22/11/2019-07:16:13] Игрок KpoJlik получил донат [1 ключ от донат-кейса, dc1] message:displayed
[22/11/2019-07:19:38] Игрок sa57 получил донат [1 ключ от донат-кейса, dc1] message:displayed
[22/11/2019-08:18:59] Игрок HellDok получил донат [3 ключа от донат-кейса, dc2] message:displayed
[22/11/2019-08:36:05] Игрок HellDok получил донат [3 ключа от донат-кейса, dc2] message:displayed
[22/11/2019-08:40:20] Игрок HellDok получил донат [3 ключа от донат-кейса, dc2] message:displayed
[22/11/2019-08:50:58] Игрок Im_not_cheatlol получил донат [1 ключ от донат-кейса, dc1] message:displayed
[22/11/2019-08:52:56] Игрок Temkaaa получил донат [1 ключ от донат-кейса, dc1] message:displayed
[22/11/2019-09:40:02] Игрок _SuperLime_ получил донат [3 ключа от донат-кейса, dc2] message:displayed
[22/11/2019-09:45:17] Игрок _AndreySurgut_ получил донат [3 ключа от донат-кейса, dc2] message:displayed
[22/11/2019-10:19:59] Игрок totemOKBlogman получил донат [100㉿, 100k] message:displayed
[22/11/2019-11:49:17] Игрок your_father124 получил донат [100㉿, 100k] message:displayed
[22/11/2019-11:50:08] Игрок your_father124 получил донат [50㉿, 50k] message:displayed
[23/11/2019-07:23:59] Игрок Eskobare получил донат [100㉿, 100k] message:displayed
[23/11/2019-08:31:14] Игрок Eskobare получил донат [100㉿, 100k] message:displayed
[23/11/2019-08:50:57] Игрок ana22 получил донат [1 ключ от донат-кейса, dc1] message:displayed
[23/11/2019-09:58:02] Игрок H3rt_00 получил донат [1 ключ от донат-кейса, dc1] message:displayed
[23/11/2019-10:07:31] Игрок Ptaxa31234 получил донат [300㉿, 300k] message:displayed
[23/11/2019-10:56:44] Игрок Siggzillah получил донат [1 ключ от донат-кейса, dc1] message:displayed
[23/11/2019-02:04:01] Игрок ana22 получил донат [1 ключ от донат-кейса, dc1] message:displayed
[23/11/2019-02:17:08] Игрок sqdSamorodok_ получил донат [1 ключ от донат-кейса, dc1] message:displayed
[23/11/2019-02:26:28] Игрок ana22 получил донат [50㉿, 50k] message:displayed
[23/11/2019-02:43:27] Игрок Ka3aHoBa получил донат [3 ключа от донат-кейса, dc2] message:displayed
[23/11/2019-03:30:08] Игрок FaloFaFlo получил донат [1 ключ от донат-кейса, dc1] message:displayed
[23/11/2019-04:07:00] Игрок pvpArtem4k получил донат [100㉿, 100k] message:displayed
[23/11/2019-04:11:10] Игрок pvpArtem4k получил донат [50㉿, 50k] message:displayed
[23/11/2019-04:31:26] Игрок SugaBuga получил донат [1 ключ от донат-кейса, dc1] message:displayed
[23/11/2019-06:00:17] Игрок saissss22 получил донат [10000⛂, 10000k] message:displayed
[23/11/2019-06:05:07] Игрок saissss22 получил донат [300㉿, 300k] message:displayed
[23/11/2019-06:11:52] Игрок _Co6a4ka_ получил донат [1 ключ от донат-кейса, dc1] message:displayed
[23/11/2019-06:33:29] Игрок saissss22 получил донат [10000⛂, 10000k] message:displayed
[23/11/2019-06:34:35] Игрок saissss22 получил донат [10000⛂, 10000k] message:displayed
[23/11/2019-08:14:07] Игрок pussyleytenant получил донат [1 ключ от донат-кейса, dc1] message:displayed
[24/11/2019-02:34:20] Игрок your_father124 получил донат [50㉿, 50k] message:displayed
[24/11/2019-06:31:50] Игрок egorYT123 получил донат [3 ключа от донат-кейса, dc2] message:displayed
[24/11/2019-06:52:26] Игрок egorYT123 получил донат [10000⛂, 10000k] message:displayed
[24/11/2019-09:10:29] Игрок Mr_Nikitos71 получил донат [3 ключа от донат-кейса, dc2] message:displayed
[24/11/2019-09:12:45] Игрок silver_stars получил донат [3 ключа от донат-кейса, dc2] message:displayed
[24/11/2019-09:59:45] Игрок Nikikotiks получил донат [50㉿, 50k] message:displayed
[24/11/2019-12:05:00] Игрок __Mem__ получил донат [1 ключ от донат-кейса, dc1] message:displayed
[24/11/2019-01:16:22] Игрок ImNotSkill получил донат [1 ключ от донат-кейса, dc1] message:displayed
[24/11/2019-02:05:22] Игрок ZaryunyaGaming получил донат [10000⛂, 10000k] message:displayed
[24/11/2019-02:34:47] Игрок fireslayer7145 получил донат [3 ключа от донат-кейса, dc2] message:displayed
[24/11/2019-03:19:28] Игрок Kot_YouTuber_OP получил донат [1 ключ от донат-кейса, dc1] message:displayed
[24/11/2019-04:11:27] Игрок ___Fox___ получил донат [1 ключ от донат-кейса, dc1] message:displayed
[24/11/2019-04:39:28] Игрок _Oklay_ получил донат [1 ключ от донат-кейса, dc1] message:displayed
[24/11/2019-05:19:07] Игрок 12COFFENOV12 получил донат [3 ключа от донат-кейса, dc2] message:displayed
[24/11/2019-05:38:45] Игрок Azira получил донат [1 ключ от донат-кейса, dc1] message:displayed
[24/11/2019-06:34:49] Игрок Mafioznik_221 получил донат [1 ключ от донат-кейса, dc1] message:displayed
[24/11/2019-08:00:36] Игрок KoT_6yM получил донат [3 ключа от донат-кейса, dc2] message:displayed
[24/11/2019-09:00:02] Игрок Photo_Topper_YT получил донат [3 ключа от донат-кейса, dc2] message:displayed
[24/11/2019-09:16:39] Игрок Blunt161 получил донат [1 ключ от донат-кейса, dc1] message:displayed
[24/11/2019-10:29:14] Игрок REPORTER228 получил донат [3 ключа от донат-кейса, dc2] message:displayed
[25/11/2019-08:27:26] Игрок 26_ZEWS_26 получил донат [1 ключ от донат-кейса, dc1] message:displayed
[25/11/2019-09:48:54] Игрок Eskobare получил донат [500㉿, 500k] message:displayed
[25/11/2019-12:31:46] Игрок dropa2000 получил донат [50㉿, 50k] message:displayed
[25/11/2019-12:34:52] Игрок dropa2000 получил донат [10000⛂, 10000k] message:displayed
[25/11/2019-01:51:18] Игрок RUSTARM005 получил донат [1 ключ от донат-кейса, dc1] message:displayed
[25/11/2019-02:32:02] Игрок Uhozavr_Cekcu получил донат [1 ключ от донат-кейса, dc1] message:displayed
[25/11/2019-03:32:28] Игрок CTC2 получил донат [1 ключ от донат-кейса, dc1] message:displayed
[25/11/2019-03:56:48] Игрок lordaragos получил донат [3 ключа от донат-кейса, dc2] message:displayed
[25/11/2019-06:37:02] Игрок Do_Om_26 получил донат [1 ключ от донат-кейса, dc1] message:displayed
[25/11/2019-06:43:33] Игрок Blogman220 получил донат [1 ключ от донат-кейса, dc1] message:displayed
[25/11/2019-06:57:43] Игрок ATOM_ZADROTA получил донат [3 ключа от донат-кейса, dc2] message:displayed
[25/11/2019-07:12:22] Игрок Mr_XALK_lol получил донат [3 ключа от донат-кейса, dc2] message:displayed
[25/11/2019-09:01:48] Игрок CaXaRoK_top получил донат [1 ключ от донат-кейса, dc1] message:displayed
[26/11/2019-03:03:41] Игрок denchik90404618 получил донат [1 ключ от донат-кейса, dc1] message:displayed
[26/11/2019-03:31:51] Игрок PushMarionetka получил донат [1 ключ от донат-кейса, dc1] message:displayed
[26/11/2019-07:27:57] Игрок sky_tank получил донат [1 ключ от донат-кейса, dc1] message:displayed
[26/11/2019-07:54:28] Игрок platon76 получил донат [1 ключ от донат-кейса, dc1] message:displayed
[26/11/2019-08:43:58] Игрок _CtrlAltDelete_ получил донат [1 ключ от донат-кейса, dc1] message:displayed
[27/11/2019-12:21:13] Игрок denchik90404618 получил донат [3 ключа от донат-кейса, dc2] message:displayed
[27/11/2019-12:23:07] Игрок denchik90404618 получил донат [1 ключ от донат-кейса, dc1] message:displayed
[27/11/2019-12:27:36] Игрок denchik90404618 получил донат [10000⛂, 10000k] message:displayed
[27/11/2019-12:56:23] Игрок pupsik999999 получил донат [3 ключа от донат-кейса, dc2] message:displayed
[27/11/2019-12:59:11] Игрок pupsik999999 получил донат [1 ключ от донат-кейса, dc1] message:displayed
[27/11/2019-02:45:39] Игрок Hekitaa344 получил донат [1 ключ от донат-кейса, dc1] message:displayed
[27/11/2019-03:52:28] Игрок ___Fox___2 получил донат [1 ключ от донат-кейса, dc1] message:displayed
[27/11/2019-04:59:33] Игрок PushMarionetka получил донат [1 ключ от донат-кейса, dc1] message:displayed
[27/11/2019-05:01:31] Игрок GriefCube_top получил донат [3 ключа от донат-кейса, dc2] message:displayed
[27/11/2019-05:16:49] Игрок 3ela получил донат [3 ключа от донат-кейса, dc2] message:displayed
[27/11/2019-05:28:10] Игрок _BiR_ получил донат [50㉿, 50k] message:displayed
[27/11/2019-07:55:47] Игрок ___Fox___ получил донат [50㉿, 50k] message:displayed
[28/11/2019-11:34:41] Игрок Felix3310 получил донат [1 ключ от донат-кейса, dc1] message:displayed
[28/11/2019-11:43:04] Игрок MrFix_mix получил донат [3 ключа от донат-кейса, dc2] message:displayed
[28/11/2019-12:58:05] Игрок _232_seva_232_ получил донат [1 ключ от донат-кейса, dc1] message:displayed
[28/11/2019-01:01:19] Игрок Fiorini получил донат [1 ключ от донат-кейса, dc1] message:displayed
[28/11/2019-03:51:36] Игрок Hekitaa344 получил донат [1 ключ от донат-кейса, dc1] message:displayed
[28/11/2019-04:00:44] Игрок Daite_ ОШИБКА ВЫДАЧИ группа resov2019 не найдена!
[28/11/2019-04:28:39] Игрок artanaft получил донат [3 ключа от донат-кейса, dc2] message:displayed
[28/11/2019-04:30:06] Игрок _Valero4e4ka_ получил донат [1 ключ от донат-кейса, dc1] message:displayed
[28/11/2019-04:30:52] Игрок Uhozavr_Cekcu получил донат [1 ключ от донат-кейса, dc1] message:displayed
[28/11/2019-04:58:53] Игрок iMoRTaL получил донат [1 ключ от донат-кейса, dc1] message:displayed
[28/11/2019-05:01:14] Игрок iMoRTaL получил донат [1 ключ от донат-кейса, dc1] message:displayed
[28/11/2019-06:56:12] Игрок YL9I2 получил донат [1 ключ от донат-кейса, dc1] message:displayed
[28/11/2019-06:58:20] Игрок ChiliBan получил донат [1 ключ от донат-кейса, dc1] message:displayed
[29/11/2019-10:44:51] Игрок Monster_DS получил донат [3 ключа от донат-кейса, dc2] message:displayed
[29/11/2019-11:04:52] Игрок To4Ho_YouTuber получил донат [1 ключ от донат-кейса, dc1] message:displayed
[29/11/2019-12:14:08] Игрок pazi2 получил донат [3 ключа от донат-кейса, dc2] message:displayed
[29/11/2019-12:39:26] Игрок KUBAS_YT2 получил донат [1 ключ от донат-кейса, dc1] message:displayed
[29/11/2019-03:19:55] Игрок AchiMo получил донат [1 ключ от донат-кейса, dc1] message:displayed
[29/11/2019-04:17:47] Игрок RoDeR_228 получил донат [3 ключа от донат-кейса, dc2] message:displayed
[29/11/2019-04:33:34] Игрок petux38211 получил донат [1 ключ от донат-кейса, dc1] message:displayed
[29/11/2019-04:38:51] Игрок fin10 получил донат [1 ключ от донат-кейса, dc1] message:displayed
[29/11/2019-05:27:36] Игрок 670 получил донат [3 ключа от донат-кейса, dc2] message:displayed
[29/11/2019-05:47:27] Игрок olir228 получил донат [1 ключ от донат-кейса, dc1] message:displayed
[29/11/2019-05:50:12] Игрок DrWebBor получил донат [1 ключ от донат-кейса, dc1] message:displayed
[29/11/2019-05:54:47] Игрок IVANUSHCKAPVPBOG получил донат [3 ключа от донат-кейса, dc2] message:displayed
[29/11/2019-05:55:28] Игрок TheBasterSiste получил донат [1 ключ от донат-кейса, dc1] message:displayed
[29/11/2019-06:34:11] Игрок JEKAPS2 получил донат [3 ключа от донат-кейса, dc2] message:displayed
[29/11/2019-08:20:29] Игрок Bezobrazie461 получил донат [1 ключ от донат-кейса, dc1] message:displayed
[29/11/2019-08:23:34] Игрок Tvinkle получил донат [1 ключ от донат-кейса, dc1] message:displayed
[29/11/2019-10:07:57] Игрок _martyt_ получил донат [1 ключ от донат-кейса, dc1] message:displayed
[29/11/2019-10:15:17] Игрок pvpArtem4k получил донат [100㉿, 100k] message:displayed
[29/11/2019-10:19:27] Игрок Pukalka получил донат [1 ключ от донат-кейса, dc1] message:displayed
[29/11/2019-10:24:20] Игрок ItsKorol получил донат [1 ключ от донат-кейса, dc1] message:displayed
[29/11/2019-11:14:23] Игрок 4uBa4ello получил донат [1 ключ от донат-кейса, dc1] message:displayed
[30/11/2019-12:12:20] Игрок Gospod_Bog получил донат [1 ключ от донат-кейса, dc1] message:displayed
[30/11/2019-01:00:55] Игрок ItsKorol получил донат [1 ключ от донат-кейса, dc1] message:displayed
[30/11/2019-05:42:33] Игрок zaz2456 получил донат [50㉿, 50k] message:displayed
[30/11/2019-07:51:45] Игрок MrFix_mix получил донат [1 ключ от донат-кейса, dc1] message:displayed
[30/11/2019-08:08:07] Игрок Suicude получил донат [3 ключа от донат-кейса, dc2] message:displayed
[30/11/2019-11:00:38] Игрок ShokuraSenpai получил донат [1 ключ от донат-кейса, dc1] message:displayed
[30/11/2019-11:41:51] Игрок XxlimonxX получил донат [1 ключ от донат-кейса, dc1] message:displayed
[30/11/2019-11:57:00] Игрок McDomer получил донат [3 ключа от донат-кейса, dc2] message:displayed
[30/11/2019-01:42:46] Игрок dflbv8484 получил донат [1 ключ от донат-кейса, dc1] message:displayed
[30/11/2019-01:45:12] Игрок lfyz8484 получил донат [1 ключ от донат-кейса, dc1] message:displayed
[30/11/2019-03:26:31] Игрок MCMAKCY получил донат [3 ключа от донат-кейса, dc2] message:displayed
[30/11/2019-03:45:25] Игрок Yereal получил донат [1 ключ от донат-кейса, dc1] message:displayed
[30/11/2019-04:34:44] Игрок Maximka_Tope получил донат [1 ключ от донат-кейса, dc1] message:displayed
[30/11/2019-05:04:24] Игрок Mishanya1039 получил донат [1 ключ от донат-кейса, dc1] message:displayed
[30/11/2019-05:10:59] Игрок Timka_King получил донат [1 ключ от донат-кейса, dc1] message:displayed
[30/11/2019-05:42:48] Игрок 3loy_Dima23 получил донат [1 ключ от донат-кейса, dc1] message:displayed
[30/11/2019-05:48:47] Игрок Somera получил донат [1 ключ от донат-кейса, dc1] message:displayed
[30/11/2019-06:11:45] Игрок NikitaGo получил донат [1 ключ от донат-кейса, dc1] message:displayed
[30/11/2019-06:20:53] Игрок Homka получил донат [1 ключ от донат-кейса, dc1] message:displayed
[30/11/2019-06:41:12] Игрок aJammyMann получил донат [1 ключ от донат-кейса, dc1] message:displayed
[30/11/2019-06:46:41] Игрок Mon1a получил донат [3 ключа от донат-кейса, dc2] message:displayed
[30/11/2019-06:50:22] Игрок IlyhaKocleso получил донат [10 ключей от донат-кейса, dc3] message:displayed
[30/11/2019-07:10:15] Игрок Brogota получил донат [1 ключ от донат-кейса, dc1] message:displayed
[30/11/2019-07:11:26] Игрок VitaliKorn11 получил донат [1 ключ от донат-кейса, dc1] message:displayed
[30/11/2019-07:22:52] Игрок raffalt получил донат [3 ключа от донат-кейса, dc2] message:displayed
[30/11/2019-11:09:14] Игрок KILEH_MACTEP2 получил донат [1 ключ от донат-кейса, dc1] message:displayed
[30/11/2019-11:16:03] Игрок ENDBRO_YT_ получил донат [1 ключ от донат-кейса, dc1] message:displayed
[01/12/2019-08:23:12] Игрок JusterIzi4 получил донат [3 ключа от донат-кейса, dc2] message:displayed
[01/12/2019-11:09:01] Игрок 4uKbIbAMboHu получил донат [3 ключа от донат-кейса, dc2] message:displayed
[01/12/2019-12:49:05] Игрок Leg1t_Ezzz получил донат [3 ключа от донат-кейса, dc2] message:displayed
[01/12/2019-12:55:43] Игрок Seqond получил донат [3 ключа от донат-кейса, dc2] message:displayed
[01/12/2019-01:33:55] Игрок CEKPETHOCTb получил донат [1 ключ от донат-кейса, dc1] message:displayed
[01/12/2019-01:51:17] Игрок DDnlLegendary получил донат [1 ключ от донат-кейса, dc1] message:displayed
[01/12/2019-03:33:50] Игрок ROBIK_35 получил донат [3 ключа от донат-кейса, dc2] message:displayed
[01/12/2019-04:39:39] Игрок Fxro получил донат [3 ключа от донат-кейса, dc2] message:displayed
[01/12/2019-06:30:20] Игрок KiruxaGet получил донат [3 ключа от донат-кейса, dc2] message:displayed
[01/12/2019-06:38:49] Игрок v_bog_v получил донат [3 ключа от донат-кейса, dc2] message:displayed
[01/12/2019-06:42:04] Игрок v_bog_v получил донат [10000⛂, 10000k] message:displayed
[01/12/2019-06:49:24] Игрок v_bog_v получил донат [10000⛂, 10000k] message:displayed
[01/12/2019-07:21:24] Игрок KI4NAD получил донат [3 ключа от донат-кейса, dc2] message:displayed
[01/12/2019-07:35:54] Игрок v_bog_v получил донат [3 ключа от донат-кейса, dc2] message:displayed
[01/12/2019-08:57:17] Игрок PSINA получил донат [3 ключа от донат-кейса, dc2] message:displayed
[02/12/2019-04:35:47] Игрок RUSTARM005 получил донат [1 ключ от донат-кейса, dc1] message:displayed
[02/12/2019-08:20:26] Игрок Grand получил донат [3 ключа от донат-кейса, dc2] message:displayed
[02/12/2019-01:11:24] Игрок _MrYtkanos_ получил донат [1 ключ от донат-кейса, dc1] message:displayed
[02/12/2019-06:02:49] Игрок JeGeRnAyT получил донат [1 ключ от донат-кейса, dc1] message:displayed
[02/12/2019-06:34:27] Игрок __Memasik__ получил донат [1 ключ от донат-кейса, dc1] message:displayed
[02/12/2019-08:17:54] Игрок pip39 получил донат [10000⛂, 10000k] message:displayed
[02/12/2019-08:26:40] Игрок _Neo_ получил донат [1 ключ от донат-кейса, dc1] message:displayed
[02/12/2019-10:52:19] Игрок Rondon получил донат [1 ключ от донат-кейса, dc1] message:displayed
[03/12/2019-01:47:02] Игрок 4uBa4ello получил донат [50㉿, 50k] message:displayed
[03/12/2019-04:07:42] Игрок RodionAndCaIIIa получил донат [1 ключ от донат-кейса, dc1] message:displayed
[03/12/2019-05:53:48] Игрок RayPleinA получил донат [1 ключ от донат-кейса, dc1] message:displayed
[03/12/2019-06:04:29] Игрок _KaLaS_ получил донат [1 ключ от донат-кейса, dc1] message:displayed
[03/12/2019-06:42:31] Игрок mranarh получил донат [1 ключ от донат-кейса, dc1] message:displayed
[03/12/2019-06:55:59] Игрок TheDraKonGaminG получил донат [1 ключ от донат-кейса, dc1] message:displayed
[03/12/2019-08:17:15] Игрок bezobrazie_pvp получил донат [3 ключа от донат-кейса, dc2] message:displayed
[03/12/2019-08:22:41] Игрок bezobrazie_pvp получил донат [1 ключ от донат-кейса, dc1] message:displayed
[03/12/2019-09:14:03] Игрок Kot_YouTuber получил донат [3 ключа от донат-кейса, dc2] message:displayed
[04/12/2019-07:35:30] Игрок FrayzerPvP получил донат [10000⛂, 10000k] message:displayed
[04/12/2019-07:36:13] Игрок FrayzerPvP получил донат [10000⛂, 10000k] message:displayed
[04/12/2019-07:45:58] Игрок FrayzerPvP получил донат [10000⛂, 10000k] message:displayed
[04/12/2019-08:17:24] Игрок VBNA получил донат [10 ключей от донат-кейса, dc3] message:displayed
[04/12/2019-12:50:40] Игрок Vanya_Top228 получил донат [1 ключ от донат-кейса, dc1] message:displayed
[04/12/2019-12:53:38] Игрок FricksYT получил донат [3 ключа от донат-кейса, dc2] message:displayed
[04/12/2019-12:55:13] Игрок Vanya_Top228 получил донат [1 ключ от донат-кейса, dc1] message:displayed
[04/12/2019-12:56:40] Игрок Vanya_Top228 получил донат [1 ключ от донат-кейса, dc1] message:displayed
[04/12/2019-02:09:42] Игрок miamoll51 получил донат [1 ключ от донат-кейса, dc1] message:displayed
[04/12/2019-04:14:26] Игрок VANYA_DARK получил донат [3 ключа от донат-кейса, dc2] message:displayed
[04/12/2019-04:53:42] Игрок YaShO получил донат [1 ключ от донат-кейса, dc1] message:displayed
[04/12/2019-05:49:40] Игрок Hezer_77 получил донат [1 ключ от донат-кейса, dc1] message:displayed
[04/12/2019-05:58:12] Игрок sega10 получил донат [1 ключ от донат-кейса, dc1] message:displayed
[04/12/2019-06:11:20] Игрок Vanya_Top228 получил донат [1 ключ от донат-кейса, dc1] message:displayed
[04/12/2019-06:32:21] Игрок TheDraKonGaminG получил донат [1 ключ от донат-кейса, dc1] message:displayed
[04/12/2019-06:35:42] Игрок Thevither2223 получил донат [1 ключ от донат-кейса, dc1] message:displayed
[04/12/2019-08:45:58] Игрок ItsLEO получил донат [3 ключа от донат-кейса, dc2] message:displayed
[05/12/2019-07:59:17] Игрок FrayzerPvP получил донат [10000⛂, 10000k] message:displayed
[05/12/2019-10:38:39] Игрок _MyP3IIk_ получил донат [1 ключ от донат-кейса, dc1] message:displayed
[05/12/2019-10:43:42] Игрок _MyP3IIk_ получил донат [1 ключ от донат-кейса, dc1] message:displayed
[05/12/2019-12:01:02] Игрок BazzyTop получил донат [1 ключ от донат-кейса, dc1] message:displayed
[05/12/2019-12:50:21] Игрок xa0cit получил донат [1 ключ от донат-кейса, dc1] message:displayed
[05/12/2019-02:10:23] Игрок Sharron_YouTube получил донат [3 ключа от донат-кейса, dc2] message:displayed
[05/12/2019-04:27:49] Игрок UniversalStudio получил донат [3 ключа от донат-кейса, dc2] message:displayed
[05/12/2019-04:41:07] Игрок MCMAKCY получил донат [50㉿, 50k] message:displayed
[05/12/2019-05:10:35] Игрок macel получил донат [3 ключа от донат-кейса, dc2] message:displayed
[05/12/2019-05:49:18] Игрок Almaz_YT2 получил донат [3 ключа от донат-кейса, dc2] message:displayed
[05/12/2019-05:58:01] Игрок Mr_Nikitosik_123 получил донат [10000⛂, 10000k] message:displayed
[05/12/2019-10:00:02] Игрок Zonties получил донат [1 ключ от донат-кейса, dc1] message:displayed
[06/12/2019-04:03:55] Игрок PASHOKEZ получил донат [1 ключ от донат-кейса, dc1] message:displayed
[06/12/2019-04:19:39] Игрок Wolk00 получил донат [3 ключа от донат-кейса, dc2] message:displayed
[06/12/2019-09:02:30] Игрок __1satana1__ получил донат [1 ключ от донат-кейса, dc1] message:displayed
[06/12/2019-11:19:23] Игрок qwertyonil получил донат [1 ключ от донат-кейса, dc1] message:displayed
[07/12/2019-10:53:28] Игрок FrayzerPvP получил донат [100㉿, 100k] message:displayed
[07/12/2019-11:01:05] Игрок gomer598 получил донат [3 ключа от донат-кейса, dc2] message:displayed
[07/12/2019-11:25:29] Игрок PsiHolog получил донат [1 ключ от донат-кейса, dc1] message:displayed
[07/12/2019-04:10:18] Игрок Be3O6pa3ue получил донат [1 ключ от донат-кейса, dc1] message:displayed
[07/12/2019-07:54:46] Игрок username_x033 получил донат [3 ключа от донат-кейса, dc2] message:displayed
[07/12/2019-08:17:03] Игрок TiHoZ_GRIF получил донат [3 ключа от донат-кейса, dc2] message:displayed
[08/12/2019-06:25:08] Игрок kikimiki21k2017 получил донат [10000⛂, 10000k] message:displayed
[08/12/2019-06:34:04] Игрок kikimiki21k2017 получил донат [50㉿, 50k] message:displayed
[08/12/2019-10:39:49] Игрок Sawzi_Fan получил донат [1 ключ от донат-кейса, dc1] message:displayed
[08/12/2019-12:54:44] Игрок egorYT123 получил донат [50㉿, 50k] message:displayed
[08/12/2019-02:37:30] Игрок DonYouTube получил донат [1 ключ от донат-кейса, dc1] message:displayed
[08/12/2019-03:42:40] Игрок ImNotSkill получил донат [1 ключ от донат-кейса, dc1] message:displayed
[08/12/2019-07:50:41] Игрок Iliya_2121 получил донат [3 ключа от донат-кейса, dc2] message:displayed
[08/12/2019-08:05:03] Игрок Popa112 получил донат [1 ключ от донат-кейса, dc1] message:displayed
[08/12/2019-08:05:34] Игрок Cila_YT_6458 получил донат [1 ключ от донат-кейса, dc1] message:displayed
[08/12/2019-10:15:08] Игрок __1satana1__ получил донат [3 ключа от донат-кейса, dc2] message:displayed
[09/12/2019-12:51:41] Игрок ItsLEO1 получил донат [3 ключа от донат-кейса, dc2] message:displayed
[09/12/2019-10:21:32] Игрок Varebilly получил донат [1 ключ от донат-кейса, dc1] message:displayed
[09/12/2019-10:27:04] Игрок Varebilly получил донат [100㉿, 100k] message:displayed
[09/12/2019-12:03:29] Игрок ImNotSkill получил донат [1 ключ от донат-кейса, dc1] message:displayed
[09/12/2019-12:57:15] Игрок Dada_vasa получил донат [1 ключ от донат-кейса, dc1] message:displayed
[09/12/2019-01:19:50] Игрок _ReSpEcTiK_ получил донат [1 ключ от донат-кейса, dc1] message:displayed
[09/12/2019-01:26:20] Игрок _ReSpEcTiK_ получил донат [1 ключ от донат-кейса, dc1] message:displayed
[09/12/2019-02:13:12] Игрок PlanterGR получил донат [1 ключ от донат-кейса, dc1] message:displayed
[09/12/2019-05:03:07] Игрок 777_A_777 получил донат [3 ключа от донат-кейса, dc2] message:displayed
[09/12/2019-05:23:49] Игрок Endermnartem получил донат [1 ключ от донат-кейса, dc1] message:displayed
[10/12/2019-07:45:23] Игрок Pashtetikus получил донат [1 ключ от донат-кейса, dc1] message:displayed
[10/12/2019-08:03:20] Игрок C_h_i_p_s_i_k получил донат [3 ключа от донат-кейса, dc2] message:displayed
[10/12/2019-09:32:13] Игрок __1satana1__ получил донат [3 ключа от донат-кейса, dc2] message:displayed
[11/12/2019-08:37:13] Игрок Duck_FLH получил донат [1 ключ от донат-кейса, dc1] message:displayed
[11/12/2019-12:44:43] Игрок __1satana1__ получил донат [3 ключа от донат-кейса, dc2] message:displayed
[11/12/2019-12:55:56] Игрок Tvinkle получил донат [1 ключ от донат-кейса, dc1] message:displayed
[11/12/2019-02:46:04] Игрок hecz228 получил донат [1 ключ от донат-кейса, dc1] message:displayed
[12/12/2019-02:19:50] Игрок EgorFox123 получил донат [1 ключ от донат-кейса, dc1] message:displayed
[12/12/2019-04:27:38] Игрок JEKAP7 получил донат [3 ключа от донат-кейса, dc2] message:displayed
[12/12/2019-05:23:05] Игрок Denchik_MasTer получил донат [3 ключа от донат-кейса, dc2] message:displayed
[14/12/2019-05:54:12] Игрок Sailent получил донат [3 ключа от донат-кейса, dc2] message:displayed
[14/12/2019-06:04:00] Игрок 3Jlou_EndeR получил донат [1 ключ от донат-кейса, dc1] message:displayed
[14/12/2019-06:05:35] Игрок 3Jlou_EndeR получил донат [1 ключ от донат-кейса, dc1] message:displayed
[14/12/2019-06:38:04] Игрок Alphaboy007_ получил донат [3 ключа от донат-кейса, dc2] message:displayed
[14/12/2019-06:46:42] Игрок GOD123451 получил донат [3 ключа от донат-кейса, dc2] message:displayed
[14/12/2019-08:02:58] Игрок Inoperable получил донат [1 ключ от донат-кейса, dc1] message:displayed
[14/12/2019-08:41:47] Игрок ylidkajob получил донат [1 ключ от донат-кейса, dc1] message:displayed
[14/12/2019-08:51:57] Игрок artemka6557 получил донат [1 ключ от донат-кейса, dc1] message:displayed
[14/12/2019-09:23:07] Игрок katerina1231 получил донат [1 ключ от донат-кейса, dc1] message:displayed
[14/12/2019-10:38:28] Игрок 8960 получил донат [10000⛂, 10000k] message:displayed
[14/12/2019-10:44:28] Игрок 8960 получил донат [10000⛂, 10000k] message:displayed
[14/12/2019-11:49:55] Игрок Trollyaha_YT получил донат [1 ключ от донат-кейса, dc1] message:displayed
[14/12/2019-11:54:06] Игрок Holodon4ik получил донат [1 ключ от донат-кейса, dc1] message:displayed
[15/12/2019-12:36:42] Игрок MicroDocks получил донат [3 ключа от донат-кейса, dc2] message:displayed
[15/12/2019-04:43:30] Игрок Gopnek_Ha_PaeHe получил донат [1 ключ от донат-кейса, dc1] message:displayed
[15/12/2019-06:01:54] Игрок _i_Balera_ получил донат [3 ключа от донат-кейса, dc2] message:displayed
[15/12/2019-11:11:24] Игрок TheRealluz получил донат [1 ключ от донат-кейса, dc1] message:displayed
[15/12/2019-11:29:51] Игрок MCMAKC получил донат [3 ключа от донат-кейса, dc2] message:displayed
[15/12/2019-11:49:07] Игрок katerina1231 получил донат [1 ключ от донат-кейса, dc1] message:displayed
[15/12/2019-11:53:16] Игрок fane_top получил донат [1 ключ от донат-кейса, dc1] message:displayed
[15/12/2019-11:54:55] Игрок MCMAK получил донат [3 ключа от донат-кейса, dc2] message:displayed
[15/12/2019-12:32:47] Игрок Mauknorton получил донат [1 ключ от донат-кейса, dc1] message:displayed
[15/12/2019-12:37:39] Игрок __DoTa_2_ получил донат [3 ключа от донат-кейса, dc2] message:displayed
[15/12/2019-02:00:34] Игрок Noxxx получил донат [3 ключа от донат-кейса, dc2] message:displayed
[15/12/2019-02:02:20] Игрок Noxxx получил донат [3 ключа от донат-кейса, dc2] message:displayed
[15/12/2019-02:04:37] Игрок Klondy получил донат [1 ключ от донат-кейса, dc1] message:displayed
[15/12/2019-02:32:12] Игрок DanilNumber получил донат [1 ключ от донат-кейса, dc1] message:displayed
[15/12/2019-02:34:30] Игрок DeMegaGamer02 получил донат [1 ключ от донат-кейса, dc1] message:displayed
[15/12/2019-03:45:28] Игрок SqdForDer получил донат [1 ключ от донат-кейса, dc1] message:displayed
[15/12/2019-04:25:22] Игрок Tapo4ek_YT получил донат [1 ключ от донат-кейса, dc1] message:displayed
[15/12/2019-05:50:41] Игрок 26__CTRELOK__26 получил донат [1 ключ от донат-кейса, dc1] message:displayed
[15/12/2019-05:54:51] Игрок lolckek получил донат [10000⛂, 10000k] message:displayed
[15/12/2019-05:56:01] Игрок lolckek получил донат [10000⛂, 10000k] message:displayed
[15/12/2019-05:56:36] Игрок __Troll_Face__ получил донат [3 ключа от донат-кейса, dc2] message:displayed
[15/12/2019-05:56:44] Игрок lolckek получил донат [10000⛂, 10000k] message:displayed
[15/12/2019-08:00:45] Игрок FleshkaHaoS получил донат [3 ключа от донат-кейса, dc2] message:displayed
[15/12/2019-09:49:07] Игрок Alphaboy007_YT получил донат [3 ключа от донат-кейса, dc2] message:displayed
[15/12/2019-09:51:33] Игрок anDy1448 получил донат [3 ключа от донат-кейса, dc2] message:displayed
[15/12/2019-09:56:13] Игрок _Alphaboy007 получил донат [3 ключа от донат-кейса, dc2] message:displayed
[16/12/2019-06:34:22] Игрок Sumo222 получил донат [1 ключ от донат-кейса, dc1] message:displayed
[16/12/2019-06:42:43] Игрок BogdanSpionu1 получил донат [1 ключ от донат-кейса, dc1] message:displayed
[16/12/2019-06:45:32] Игрок BogdanSpionu2 получил донат [3 ключа от донат-кейса, dc2] message:displayed
[16/12/2019-01:21:45] Игрок _Ne_ENDER_YT получил донат [3 ключа от донат-кейса, dc2] message:displayed
[16/12/2019-01:25:08] Игрок ImNotSkillPvP получил донат [1 ключ от донат-кейса, dc1] message:displayed
[16/12/2019-01:35:53] Игрок ImNotSkill получил донат [1 ключ от донат-кейса, dc1] message:displayed
[16/12/2019-01:36:29] Игрок drasco1324 получил донат [3 ключа от донат-кейса, dc2] message:displayed
[16/12/2019-02:26:39] Игрок Dipper05 получил донат [1 ключ от донат-кейса, dc1] message:displayed
[16/12/2019-03:11:42] Игрок ylidkajob получил донат [3 ключа от донат-кейса, dc2] message:displayed
[16/12/2019-03:16:22] Игрок Viviviano получил донат [10 ключей от донат-кейса, dc3] message:displayed
[16/12/2019-03:49:52] Игрок pvp_master получил донат [1 ключ от донат-кейса, dc1] message:displayed
[16/12/2019-05:30:15] Игрок To4Ho_He_ARES получил донат [3 ключа от донат-кейса, dc2] message:displayed
[16/12/2019-05:33:12] Игрок To4Ho_He_ARES получил донат [3 ключа от донат-кейса, dc2] message:displayed
[16/12/2019-06:22:59] Игрок multi_drive получил донат [3 ключа от донат-кейса, dc2] message:displayed
[16/12/2019-06:25:59] Игрок Adam7778888 получил донат [1 ключ от донат-кейса, dc1] message:displayed
[16/12/2019-06:57:34] Игрок Top_PvPeSher получил донат [1 ключ от донат-кейса, dc1] message:displayed
[16/12/2019-07:04:25] Игрок Top_PvPeSher получил донат [1 ключ от донат-кейса, dc1] message:displayed
[16/12/2019-07:14:28] Игрок loginshadow получил донат [1 ключ от донат-кейса, dc1] message:displayed
[16/12/2019-07:20:15] Игрок xSMERT3 получил донат [1 ключ от донат-кейса, dc1] message:displayed
[16/12/2019-07:31:23] Игрок noobpvp_kak получил донат [3 ключа от донат-кейса, dc2] message:displayed
[16/12/2019-09:55:13] Игрок BaJloKoPguH получил донат [3 ключа от донат-кейса, dc2] message:displayed
[16/12/2019-10:38:05] Игрок monster135799 получил донат [3 ключа от донат-кейса, dc2] message:displayed
[17/12/2019-12:01:26] Игрок FoksiBled получил донат [3 ключа от донат-кейса, dc2] message:displayed
[17/12/2019-07:18:20] Игрок vlad_228337 получил донат [3 ключа от донат-кейса, dc2] message:displayed
[17/12/2019-07:29:30] Игрок vlad_228337 получил донат [10000⛂, 10000k] message:displayed
[17/12/2019-07:32:05] Игрок TheDanilkaYT получил донат [1 ключ от донат-кейса, dc1] message:displayed
[17/12/2019-11:42:19] Игрок _MyP3IIk_ получил донат [50㉿, 50k] message:displayed
[17/12/2019-12:10:09] Игрок KILLERaxe получил донат [3 ключа от донат-кейса, dc2] message:displayed
[17/12/2019-12:31:45] Игрок r_lolroma_lk получил донат [50㉿, 50k] message:displayed
[17/12/2019-01:46:03] Игрок KaPuZa_Grief получил донат [1 ключ от донат-кейса, dc1] message:displayed
[17/12/2019-03:02:47] Игрок XxxRezzyxxX получил донат [3 ключа от донат-кейса, dc2] message:displayed
[17/12/2019-03:03:25] Игрок WYLF получил донат [1 ключ от донат-кейса, dc1] message:displayed
[17/12/2019-03:13:47] Игрок Ka3aHoBa_Grief получил донат [1 ключ от донат-кейса, dc1] message:displayed
[17/12/2019-03:17:36] Игрок Diamond_YT получил донат [3 ключа от донат-кейса, dc2] message:displayed
[17/12/2019-03:20:44] Игрок Diamond получил донат [3 ключа от донат-кейса, dc2] message:displayed
[17/12/2019-03:48:28] Игрок KaKauH221 получил донат [1 ключ от донат-кейса, dc1] message:displayed
[17/12/2019-06:15:23] Игрок DarkBlazeYT получил донат [1 ключ от донат-кейса, dc1] message:displayed
[17/12/2019-07:51:00] Игрок BuIIaJl_WARLOCK получил донат [3 ключа от донат-кейса, dc2] message:displayed
[17/12/2019-09:35:48] Игрок black_Vilim получил донат [1 ключ от донат-кейса, dc1] message:displayed
[18/12/2019-12:35:02] Игрок ikirokox3 получил донат [3 ключа от донат-кейса, dc2] message:displayed
[18/12/2019-03:46:46] Игрок Artur0O8 получил донат [1 ключ от донат-кейса, dc1] message:displayed
[18/12/2019-07:11:39] Игрок gunzx2010 получил донат [3 ключа от донат-кейса, dc2] message:displayed
[30/12/2019-10:17:04] Игрок Tolik_Bazenov получил донат [1 ключ от донат-кейса, dc1] message:displayed
[31/12/2019-07:23:33] Игрок Liker получил донат [3 ключа от донат-кейса, dc2] message:displayed
[31/12/2019-07:35:58] Игрок ignatv74 получил донат [3 ключа от донат-кейса, dc2] message:displayed
[31/12/2019-07:43:32] Игрок Vinishko получил донат [3 ключа от донат-кейса, dc2] message:displayed
[31/12/2019-07:47:13] Игрок Pivko получил донат [3 ключа от донат-кейса, dc2] message:displayed
[31/12/2019-07:49:16] Игрок Pivko получил донат [1 ключ от донат-кейса, dc1] message:displayed
[31/12/2019-07:51:08] Игрок Pivko получил донат [3 ключа от донат-кейса, dc2] message:displayed
[31/12/2019-08:11:49] Игрок TyanKa получил донат [10 ключей от донат-кейса, dc3] message:displayed
[31/12/2019-08:14:29] Игрок L0SS_K1LL ОШИБКА ВЫДАЧИ группа ares не найдена!
[31/12/2019-08:32:21] Игрок Blazeeh ОШИБКА ВЫДАЧИ группа ares не найдена!
[31/12/2019-08:33:47] Игрок _love_apos_ ОШИБКА ВЫДАЧИ группа warlock не найдена!
[01/1/2020-12:22:16] Игрок XakinYT получил донат [%value Ключ(а) от кейса кастомизации, prefix] message:displayed
[01/1/2020-12:29:15] Игрок XakinYT получил донат [1 Ключ от кейса кастомизации, prefix] message:displayed
[01/1/2020-12:35:41] Игрок Dojdik получил донат [%value⛂, coins] message:displayed
